/home/alex/workspace/ros2/totodile/install/tutlebot3_slamNav/lib/python3.10/site-packages/tutlebot3_slamNav/mainCode.py
/home/alex/workspace/ros2/totodile/install/tutlebot3_slamNav/lib/python3.10/site-packages/tutlebot3_slamNav/vizualizer.py
/home/alex/workspace/ros2/totodile/install/tutlebot3_slamNav/lib/python3.10/site-packages/tutlebot3_slamNav/explorer_node.py
/home/alex/workspace/ros2/totodile/install/tutlebot3_slamNav/lib/python3.10/site-packages/tutlebot3_slamNav/__init__.py
/home/alex/workspace/ros2/totodile/install/tutlebot3_slamNav/lib/python3.10/site-packages/tutlebot3_slamNav/__pycache__/mainCode.cpython-310.pyc
/home/alex/workspace/ros2/totodile/install/tutlebot3_slamNav/lib/python3.10/site-packages/tutlebot3_slamNav/__pycache__/vizualizer.cpython-310.pyc
/home/alex/workspace/ros2/totodile/install/tutlebot3_slamNav/lib/python3.10/site-packages/tutlebot3_slamNav/__pycache__/explorer_node.cpython-310.pyc
/home/alex/workspace/ros2/totodile/install/tutlebot3_slamNav/lib/python3.10/site-packages/tutlebot3_slamNav/__pycache__/__init__.cpython-310.pyc
/home/alex/workspace/ros2/totodile/install/tutlebot3_slamNav/share/ament_index/resource_index/packages/tutlebot3_slamNav
/home/alex/workspace/ros2/totodile/install/tutlebot3_slamNav/share/tutlebot3_slamNav/package.xml
/home/alex/workspace/ros2/totodile/install/tutlebot3_slamNav/share/tutlebot3_slamNav/launch/totolaunch.py
/home/alex/workspace/ros2/totodile/install/tutlebot3_slamNav/share/tutlebot3_slamNav/confg/tutelconfig.rviz
/home/alex/workspace/ros2/totodile/install/tutlebot3_slamNav/lib/python3.10/site-packages/tutlebot3_slamNav-0.0.0-py3.10.egg-info/PKG-INFO
/home/alex/workspace/ros2/totodile/install/tutlebot3_slamNav/lib/python3.10/site-packages/tutlebot3_slamNav-0.0.0-py3.10.egg-info/zip-safe
/home/alex/workspace/ros2/totodile/install/tutlebot3_slamNav/lib/python3.10/site-packages/tutlebot3_slamNav-0.0.0-py3.10.egg-info/top_level.txt
/home/alex/workspace/ros2/totodile/install/tutlebot3_slamNav/lib/python3.10/site-packages/tutlebot3_slamNav-0.0.0-py3.10.egg-info/SOURCES.txt
/home/alex/workspace/ros2/totodile/install/tutlebot3_slamNav/lib/python3.10/site-packages/tutlebot3_slamNav-0.0.0-py3.10.egg-info/dependency_links.txt
/home/alex/workspace/ros2/totodile/install/tutlebot3_slamNav/lib/python3.10/site-packages/tutlebot3_slamNav-0.0.0-py3.10.egg-info/requires.txt
/home/alex/workspace/ros2/totodile/install/tutlebot3_slamNav/lib/python3.10/site-packages/tutlebot3_slamNav-0.0.0-py3.10.egg-info/entry_points.txt
/home/alex/workspace/ros2/totodile/install/tutlebot3_slamNav/lib/tutlebot3_slamNav/explorer_node
/home/alex/workspace/ros2/totodile/install/tutlebot3_slamNav/lib/tutlebot3_slamNav/mainCode
/home/alex/workspace/ros2/totodile/install/tutlebot3_slamNav/lib/tutlebot3_slamNav/vizualizer
