[0.566s] Invoking command in '/home/alex/workspace/ros2/totodile/src': PYTHONPATH=/home/alex/workspace/ros2/totodile/build/tutlebot3_slamNav/prefix_override:/usr/lib/python3/dist-packages/colcon_core/task/python/colcon_distutils_commands:/home/alex/workspace/ros2/totodile/install/tutlebot3_slamNav/lib/python3.10/site-packages:${PYTHONPATH} /usr/bin/python3 -W ignore:setup.py install is deprecated setup.py egg_info --egg-base ../build/tutlebot3_slamNav build --build-base /home/alex/workspace/ros2/totodile/build/tutlebot3_slamNav/build install --record /home/alex/workspace/ros2/totodile/build/tutlebot3_slamNav/install.log --single-version-externally-managed install_data
[0.720s] running egg_info
[0.720s] writing ../build/tutlebot3_slamNav/tutlebot3_slamNav.egg-info/PKG-INFO
[0.720s] writing dependency_links to ../build/tutlebot3_slamNav/tutlebot3_slamNav.egg-info/dependency_links.txt
[0.720s] writing entry points to ../build/tutlebot3_slamNav/tutlebot3_slamNav.egg-info/entry_points.txt
[0.721s] writing requirements to ../build/tutlebot3_slamNav/tutlebot3_slamNav.egg-info/requires.txt
[0.721s] writing top-level names to ../build/tutlebot3_slamNav/tutlebot3_slamNav.egg-info/top_level.txt
[0.721s] reading manifest file '../build/tutlebot3_slamNav/tutlebot3_slamNav.egg-info/SOURCES.txt'
[0.722s] adding license file 'LICENSE'
[0.722s] writing manifest file '../build/tutlebot3_slamNav/tutlebot3_slamNav.egg-info/SOURCES.txt'
[0.722s] running build
[0.722s] running build_py
[0.722s] copying tutlebot3_slamNav/vizualizer.py -> /home/alex/workspace/ros2/totodile/build/tutlebot3_slamNav/build/lib/tutlebot3_slamNav
[0.723s] copying tutlebot3_slamNav/explorer_node.py -> /home/alex/workspace/ros2/totodile/build/tutlebot3_slamNav/build/lib/tutlebot3_slamNav
[0.723s] running install
[0.723s] running install_lib
[0.724s] copying /home/alex/workspace/ros2/totodile/build/tutlebot3_slamNav/build/lib/tutlebot3_slamNav/vizualizer.py -> /home/alex/workspace/ros2/totodile/install/tutlebot3_slamNav/lib/python3.10/site-packages/tutlebot3_slamNav
[0.724s] copying /home/alex/workspace/ros2/totodile/build/tutlebot3_slamNav/build/lib/tutlebot3_slamNav/explorer_node.py -> /home/alex/workspace/ros2/totodile/install/tutlebot3_slamNav/lib/python3.10/site-packages/tutlebot3_slamNav
[0.724s] byte-compiling /home/alex/workspace/ros2/totodile/install/tutlebot3_slamNav/lib/python3.10/site-packages/tutlebot3_slamNav/vizualizer.py to vizualizer.cpython-310.pyc
[0.724s] byte-compiling /home/alex/workspace/ros2/totodile/install/tutlebot3_slamNav/lib/python3.10/site-packages/tutlebot3_slamNav/explorer_node.py to explorer_node.cpython-310.pyc
[0.725s] running install_data
[0.725s] copying launch/totolaunch.py -> /home/alex/workspace/ros2/totodile/install/tutlebot3_slamNav/share/tutlebot3_slamNav/launch
[0.725s] running install_egg_info
[0.726s] removing '/home/alex/workspace/ros2/totodile/install/tutlebot3_slamNav/lib/python3.10/site-packages/tutlebot3_slamNav-0.0.0-py3.10.egg-info' (and everything under it)
[0.726s] Copying ../build/tutlebot3_slamNav/tutlebot3_slamNav.egg-info to /home/alex/workspace/ros2/totodile/install/tutlebot3_slamNav/lib/python3.10/site-packages/tutlebot3_slamNav-0.0.0-py3.10.egg-info
[0.727s] running install_scripts
[0.741s] Installing explorer_node = tutlebot3_slamNav.explorer_node:mainvizualizer script to /home/alex/workspace/ros2/totodile/install/tutlebot3_slamNav/lib/tutlebot3_slamNav
[0.741s] Installing mainCode script to /home/alex/workspace/ros2/totodile/install/tutlebot3_slamNav/lib/tutlebot3_slamNav
[0.741s] writing list of installed files to '/home/alex/workspace/ros2/totodile/build/tutlebot3_slamNav/install.log'
[0.754s] Invoked command in '/home/alex/workspace/ros2/totodile/src' returned '0': PYTHONPATH=/home/alex/workspace/ros2/totodile/build/tutlebot3_slamNav/prefix_override:/usr/lib/python3/dist-packages/colcon_core/task/python/colcon_distutils_commands:/home/alex/workspace/ros2/totodile/install/tutlebot3_slamNav/lib/python3.10/site-packages:${PYTHONPATH} /usr/bin/python3 -W ignore:setup.py install is deprecated setup.py egg_info --egg-base ../build/tutlebot3_slamNav build --build-base /home/alex/workspace/ros2/totodile/build/tutlebot3_slamNav/build install --record /home/alex/workspace/ros2/totodile/build/tutlebot3_slamNav/install.log --single-version-externally-managed install_data
