[0.069s] DEBUG:colcon:Command line arguments: ['/usr/bin/colcon', 'build']
[0.069s] DEBUG:colcon:Parsed command line arguments: Namespace(log_base=None, log_level=None, verb_name='build', build_base='build', install_base='install', merge_install=False, symlink_install=False, test_result_base=None, continue_on_error=False, executor='parallel', parallel_workers=16, event_handlers=None, ignore_user_meta=False, metas=['./colcon.meta'], base_paths=['.'], packages_ignore=None, packages_ignore_regex=None, paths=None, packages_up_to=None, packages_up_to_regex=None, packages_above=None, packages_above_and_dependencies=None, packages_above_depth=None, packages_select_by_dep=None, packages_skip_by_dep=None, packages_skip_up_to=None, packages_select_build_failed=False, packages_skip_build_finished=False, packages_select_test_failures=False, packages_skip_test_passed=False, packages_select=None, packages_skip=None, packages_select_regex=None, packages_skip_regex=None, packages_start=None, packages_end=None, allow_overriding=[], cmake_args=None, cmake_target=None, cmake_target_skip_unavailable=False, cmake_clean_cache=False, cmake_clean_first=False, cmake_force_configure=False, ament_cmake_args=None, catkin_cmake_args=None, catkin_skip_building_tests=False, verb_parser=<colcon_defaults.argument_parser.defaults.DefaultArgumentsDecorator object at 0x7ed3d563f2b0>, verb_extension=<colcon_core.verb.build.BuildVerb object at 0x7ed3d5727e20>, main=<bound method BuildVerb.main of <colcon_core.verb.build.BuildVerb object at 0x7ed3d5727e20>>)
[0.186s] Level 1:colcon.colcon_core.package_discovery:discover_packages(colcon_meta) check parameters
[0.186s] Level 1:colcon.colcon_core.package_discovery:discover_packages(recursive) check parameters
[0.186s] Level 1:colcon.colcon_core.package_discovery:discover_packages(ignore) check parameters
[0.186s] Level 1:colcon.colcon_core.package_discovery:discover_packages(path) check parameters
[0.186s] Level 1:colcon.colcon_core.package_discovery:discover_packages(colcon_meta) discover
[0.186s] Level 1:colcon.colcon_core.package_discovery:discover_packages(recursive) discover
[0.186s] INFO:colcon.colcon_core.package_discovery:Crawling recursively for packages in '/home/alex/workspace/ros2/totodile'
[0.186s] Level 1:colcon.colcon_core.package_identification:_identify(.) by extensions ['ignore', 'ignore_ament_install']
[0.186s] Level 1:colcon.colcon_core.package_identification:_identify(.) by extension 'ignore'
[0.186s] Level 1:colcon.colcon_core.package_identification:_identify(.) by extension 'ignore_ament_install'
[0.186s] Level 1:colcon.colcon_core.package_identification:_identify(.) by extensions ['colcon_pkg']
[0.186s] Level 1:colcon.colcon_core.package_identification:_identify(.) by extension 'colcon_pkg'
[0.186s] Level 1:colcon.colcon_core.package_identification:_identify(.) by extensions ['colcon_meta']
[0.186s] Level 1:colcon.colcon_core.package_identification:_identify(.) by extension 'colcon_meta'
[0.187s] Level 1:colcon.colcon_core.package_identification:_identify(.) by extensions ['ros']
[0.187s] Level 1:colcon.colcon_core.package_identification:_identify(.) by extension 'ros'
[0.193s] Level 1:colcon.colcon_core.package_identification:_identify(.) by extensions ['cmake', 'python']
[0.193s] Level 1:colcon.colcon_core.package_identification:_identify(.) by extension 'cmake'
[0.193s] Level 1:colcon.colcon_core.package_identification:_identify(.) by extension 'python'
[0.193s] Level 1:colcon.colcon_core.package_identification:_identify(.) by extensions ['python_setup_py']
[0.193s] Level 1:colcon.colcon_core.package_identification:_identify(.) by extension 'python_setup_py'
[0.193s] Level 1:colcon.colcon_core.package_identification:_identify(build) by extensions ['ignore', 'ignore_ament_install']
[0.193s] Level 1:colcon.colcon_core.package_identification:_identify(build) by extension 'ignore'
[0.194s] Level 1:colcon.colcon_core.package_identification:_identify(build) ignored
[0.194s] Level 1:colcon.colcon_core.package_identification:_identify(install) by extensions ['ignore', 'ignore_ament_install']
[0.194s] Level 1:colcon.colcon_core.package_identification:_identify(install) by extension 'ignore'
[0.194s] Level 1:colcon.colcon_core.package_identification:_identify(install) ignored
[0.194s] Level 1:colcon.colcon_core.package_identification:_identify(log) by extensions ['ignore', 'ignore_ament_install']
[0.194s] Level 1:colcon.colcon_core.package_identification:_identify(log) by extension 'ignore'
[0.194s] Level 1:colcon.colcon_core.package_identification:_identify(log) ignored
[0.194s] Level 1:colcon.colcon_core.package_identification:_identify(src) by extensions ['ignore', 'ignore_ament_install']
[0.194s] Level 1:colcon.colcon_core.package_identification:_identify(src) by extension 'ignore'
[0.194s] Level 1:colcon.colcon_core.package_identification:_identify(src) by extension 'ignore_ament_install'
[0.194s] Level 1:colcon.colcon_core.package_identification:_identify(src) by extensions ['colcon_pkg']
[0.194s] Level 1:colcon.colcon_core.package_identification:_identify(src) by extension 'colcon_pkg'
[0.194s] Level 1:colcon.colcon_core.package_identification:_identify(src) by extensions ['colcon_meta']
[0.194s] Level 1:colcon.colcon_core.package_identification:_identify(src) by extension 'colcon_meta'
[0.194s] Level 1:colcon.colcon_core.package_identification:_identify(src) by extensions ['ros']
[0.194s] Level 1:colcon.colcon_core.package_identification:_identify(src) by extension 'ros'
[0.196s] DEBUG:colcon.colcon_core.package_identification:Package 'src' with type 'ros.ament_python' and name 'tutlebot3_slamNav'
[0.196s] Level 1:colcon.colcon_core.package_discovery:discover_packages(recursive) using defaults
[0.196s] Level 1:colcon.colcon_core.package_discovery:discover_packages(ignore) discover
[0.196s] Level 1:colcon.colcon_core.package_discovery:discover_packages(ignore) using defaults
[0.196s] Level 1:colcon.colcon_core.package_discovery:discover_packages(path) discover
[0.196s] Level 1:colcon.colcon_core.package_discovery:discover_packages(path) using defaults
[0.214s] Level 1:colcon.colcon_core.package_discovery:discover_packages(prefix_path) check parameters
[0.214s] Level 1:colcon.colcon_core.package_discovery:discover_packages(prefix_path) discover
[0.215s] DEBUG:colcon.colcon_installed_package_information.package_discovery:Found 1 installed packages in /home/alex/workspace/ros2/totodile/install
[0.216s] DEBUG:colcon.colcon_installed_package_information.package_discovery:Found 3 installed packages in /home/alex/ros2_utilities_ws/install
[0.216s] DEBUG:colcon.colcon_installed_package_information.package_discovery:Found 0 installed packages in /home/alex/colcon_ws/install
[0.217s] DEBUG:colcon.colcon_installed_package_information.package_discovery:Found 373 installed packages in /opt/ros/humble
[0.218s] Level 1:colcon.colcon_core.package_discovery:discover_packages(prefix_path) using defaults
[0.249s] Level 5:colcon.colcon_core.verb:set package 'tutlebot3_slamNav' build argument 'cmake_args' from command line to 'None'
[0.249s] Level 5:colcon.colcon_core.verb:set package 'tutlebot3_slamNav' build argument 'cmake_target' from command line to 'None'
[0.249s] Level 5:colcon.colcon_core.verb:set package 'tutlebot3_slamNav' build argument 'cmake_target_skip_unavailable' from command line to 'False'
[0.249s] Level 5:colcon.colcon_core.verb:set package 'tutlebot3_slamNav' build argument 'cmake_clean_cache' from command line to 'False'
[0.249s] Level 5:colcon.colcon_core.verb:set package 'tutlebot3_slamNav' build argument 'cmake_clean_first' from command line to 'False'
[0.249s] Level 5:colcon.colcon_core.verb:set package 'tutlebot3_slamNav' build argument 'cmake_force_configure' from command line to 'False'
[0.249s] Level 5:colcon.colcon_core.verb:set package 'tutlebot3_slamNav' build argument 'ament_cmake_args' from command line to 'None'
[0.249s] Level 5:colcon.colcon_core.verb:set package 'tutlebot3_slamNav' build argument 'catkin_cmake_args' from command line to 'None'
[0.249s] Level 5:colcon.colcon_core.verb:set package 'tutlebot3_slamNav' build argument 'catkin_skip_building_tests' from command line to 'False'
[0.249s] DEBUG:colcon.colcon_core.verb:Building package 'tutlebot3_slamNav' with the following arguments: {'ament_cmake_args': None, 'build_base': '/home/alex/workspace/ros2/totodile/build/tutlebot3_slamNav', 'catkin_cmake_args': None, 'catkin_skip_building_tests': False, 'cmake_args': None, 'cmake_clean_cache': False, 'cmake_clean_first': False, 'cmake_force_configure': False, 'cmake_target': None, 'cmake_target_skip_unavailable': False, 'install_base': '/home/alex/workspace/ros2/totodile/install/tutlebot3_slamNav', 'merge_install': False, 'path': '/home/alex/workspace/ros2/totodile/src', 'symlink_install': False, 'test_result_base': None}
[0.249s] INFO:colcon.colcon_core.executor:Executing jobs using 'parallel' executor
[0.250s] DEBUG:colcon.colcon_parallel_executor.executor.parallel:run_until_complete
[0.250s] INFO:colcon.colcon_ros.task.ament_python.build:Building ROS package in '/home/alex/workspace/ros2/totodile/src' with build type 'ament_python'
[0.250s] Level 1:colcon.colcon_core.shell:create_environment_hook('tutlebot3_slamNav', 'ament_prefix_path')
[0.251s] INFO:colcon.colcon_core.plugin_system:Skipping extension 'colcon_core.shell.bat': Not used on non-Windows systems
[0.251s] INFO:colcon.colcon_core.shell:Creating environment hook '/home/alex/workspace/ros2/totodile/install/tutlebot3_slamNav/share/tutlebot3_slamNav/hook/ament_prefix_path.ps1'
[0.252s] INFO:colcon.colcon_core.shell:Creating environment descriptor '/home/alex/workspace/ros2/totodile/install/tutlebot3_slamNav/share/tutlebot3_slamNav/hook/ament_prefix_path.dsv'
[0.252s] INFO:colcon.colcon_core.shell:Creating environment hook '/home/alex/workspace/ros2/totodile/install/tutlebot3_slamNav/share/tutlebot3_slamNav/hook/ament_prefix_path.sh'
[0.253s] INFO:colcon.colcon_core.shell:Skip shell extension 'powershell' for command environment: Not usable outside of PowerShell
[0.253s] DEBUG:colcon.colcon_core.shell:Skip shell extension 'dsv' for command environment
[0.459s] INFO:colcon.colcon_core.task.python.build:Building Python package in '/home/alex/workspace/ros2/totodile/src'
[0.459s] INFO:colcon.colcon_core.shell:Skip shell extension 'powershell' for command environment: Not usable outside of PowerShell
[0.459s] DEBUG:colcon.colcon_core.shell:Skip shell extension 'dsv' for command environment
[0.761s] DEBUG:colcon.colcon_core.event_handler.log_command:Invoking command in '/home/alex/workspace/ros2/totodile/src': PYTHONPATH=/home/alex/workspace/ros2/totodile/build/tutlebot3_slamNav/prefix_override:/usr/lib/python3/dist-packages/colcon_core/task/python/colcon_distutils_commands:/home/alex/workspace/ros2/totodile/install/tutlebot3_slamNav/lib/python3.10/site-packages:${PYTHONPATH} /usr/bin/python3 -W ignore:setup.py install is deprecated setup.py egg_info --egg-base ../build/tutlebot3_slamNav build --build-base /home/alex/workspace/ros2/totodile/build/tutlebot3_slamNav/build install --record /home/alex/workspace/ros2/totodile/build/tutlebot3_slamNav/install.log --single-version-externally-managed install_data
[1.012s] DEBUG:colcon.colcon_core.event_handler.log_command:Invoked command in '/home/alex/workspace/ros2/totodile/src' returned '0': PYTHONPATH=/home/alex/workspace/ros2/totodile/build/tutlebot3_slamNav/prefix_override:/usr/lib/python3/dist-packages/colcon_core/task/python/colcon_distutils_commands:/home/alex/workspace/ros2/totodile/install/tutlebot3_slamNav/lib/python3.10/site-packages:${PYTHONPATH} /usr/bin/python3 -W ignore:setup.py install is deprecated setup.py egg_info --egg-base ../build/tutlebot3_slamNav build --build-base /home/alex/workspace/ros2/totodile/build/tutlebot3_slamNav/build install --record /home/alex/workspace/ros2/totodile/build/tutlebot3_slamNav/install.log --single-version-externally-managed install_data
[1.014s] Level 1:colcon.colcon_core.environment:checking '/home/alex/workspace/ros2/totodile/install/tutlebot3_slamNav' for CMake module files
[1.014s] Level 1:colcon.colcon_core.environment:checking '/home/alex/workspace/ros2/totodile/install/tutlebot3_slamNav' for CMake config files
[1.015s] Level 1:colcon.colcon_core.environment:checking '/home/alex/workspace/ros2/totodile/install/tutlebot3_slamNav/lib'
[1.015s] Level 1:colcon.colcon_core.environment:checking '/home/alex/workspace/ros2/totodile/install/tutlebot3_slamNav/bin'
[1.015s] Level 1:colcon.colcon_core.environment:checking '/home/alex/workspace/ros2/totodile/install/tutlebot3_slamNav/lib/pkgconfig/tutlebot3_slamNav.pc'
[1.015s] Level 1:colcon.colcon_core.environment:checking '/home/alex/workspace/ros2/totodile/install/tutlebot3_slamNav/lib/python3.10/site-packages'
[1.015s] Level 1:colcon.colcon_core.shell:create_environment_hook('tutlebot3_slamNav', 'pythonpath')
[1.015s] INFO:colcon.colcon_core.shell:Creating environment hook '/home/alex/workspace/ros2/totodile/install/tutlebot3_slamNav/share/tutlebot3_slamNav/hook/pythonpath.ps1'
[1.016s] INFO:colcon.colcon_core.shell:Creating environment descriptor '/home/alex/workspace/ros2/totodile/install/tutlebot3_slamNav/share/tutlebot3_slamNav/hook/pythonpath.dsv'
[1.016s] INFO:colcon.colcon_core.shell:Creating environment hook '/home/alex/workspace/ros2/totodile/install/tutlebot3_slamNav/share/tutlebot3_slamNav/hook/pythonpath.sh'
[1.016s] Level 1:colcon.colcon_core.environment:checking '/home/alex/workspace/ros2/totodile/install/tutlebot3_slamNav/bin'
[1.016s] Level 1:colcon.colcon_core.environment:create_environment_scripts_only(tutlebot3_slamNav)
[1.017s] INFO:colcon.colcon_core.shell:Creating package script '/home/alex/workspace/ros2/totodile/install/tutlebot3_slamNav/share/tutlebot3_slamNav/package.ps1'
[1.017s] INFO:colcon.colcon_core.shell:Creating package descriptor '/home/alex/workspace/ros2/totodile/install/tutlebot3_slamNav/share/tutlebot3_slamNav/package.dsv'
[1.018s] INFO:colcon.colcon_core.shell:Creating package script '/home/alex/workspace/ros2/totodile/install/tutlebot3_slamNav/share/tutlebot3_slamNav/package.sh'
[1.018s] INFO:colcon.colcon_core.shell:Creating package script '/home/alex/workspace/ros2/totodile/install/tutlebot3_slamNav/share/tutlebot3_slamNav/package.bash'
[1.018s] INFO:colcon.colcon_core.shell:Creating package script '/home/alex/workspace/ros2/totodile/install/tutlebot3_slamNav/share/tutlebot3_slamNav/package.zsh'
[1.019s] Level 1:colcon.colcon_core.environment:create_file_with_runtime_dependencies(/home/alex/workspace/ros2/totodile/install/tutlebot3_slamNav/share/colcon-core/packages/tutlebot3_slamNav)
[1.019s] DEBUG:colcon.colcon_parallel_executor.executor.parallel:closing loop
[1.019s] DEBUG:colcon.colcon_parallel_executor.executor.parallel:loop closed
[1.019s] DEBUG:colcon.colcon_parallel_executor.executor.parallel:run_until_complete finished with '0'
[1.019s] DEBUG:colcon.colcon_core.event_reactor:joining thread
[1.023s] INFO:colcon.colcon_core.plugin_system:Skipping extension 'colcon_notification.desktop_notification.terminal_notifier': Not used on non-Darwin systems
[1.023s] INFO:colcon.colcon_core.plugin_system:Skipping extension 'colcon_notification.desktop_notification.win32': Not used on non-Windows systems
[1.023s] INFO:colcon.colcon_notification.desktop_notification:Sending desktop notification using 'notify2'
[1.030s] DEBUG:colcon.colcon_core.event_reactor:joined thread
[1.030s] INFO:colcon.colcon_core.shell:Creating prefix script '/home/alex/workspace/ros2/totodile/install/local_setup.ps1'
[1.031s] INFO:colcon.colcon_core.shell:Creating prefix util module '/home/alex/workspace/ros2/totodile/install/_local_setup_util_ps1.py'
[1.032s] INFO:colcon.colcon_core.shell:Creating prefix chain script '/home/alex/workspace/ros2/totodile/install/setup.ps1'
[1.033s] INFO:colcon.colcon_core.shell:Creating prefix script '/home/alex/workspace/ros2/totodile/install/local_setup.sh'
[1.033s] INFO:colcon.colcon_core.shell:Creating prefix util module '/home/alex/workspace/ros2/totodile/install/_local_setup_util_sh.py'
[1.033s] INFO:colcon.colcon_core.shell:Creating prefix chain script '/home/alex/workspace/ros2/totodile/install/setup.sh'
[1.034s] INFO:colcon.colcon_core.shell:Creating prefix script '/home/alex/workspace/ros2/totodile/install/local_setup.bash'
[1.035s] INFO:colcon.colcon_core.shell:Creating prefix chain script '/home/alex/workspace/ros2/totodile/install/setup.bash'
[1.035s] INFO:colcon.colcon_core.shell:Creating prefix script '/home/alex/workspace/ros2/totodile/install/local_setup.zsh'
[1.036s] INFO:colcon.colcon_core.shell:Creating prefix chain script '/home/alex/workspace/ros2/totodile/install/setup.zsh'
