running egg_info
creating ../build/tutlebot3_slamNav/tutlebot3_slamNav.egg-info
writing ../build/tutlebot3_slamNav/tutlebot3_slamNav.egg-info/PKG-INFO
writing dependency_links to ../build/tutlebot3_slamNav/tutlebot3_slamNav.egg-info/dependency_links.txt
writing entry points to ../build/tutlebot3_slamNav/tutlebot3_slamNav.egg-info/entry_points.txt
writing requirements to ../build/tutlebot3_slamNav/tutlebot3_slamNav.egg-info/requires.txt
writing top-level names to ../build/tutlebot3_slamNav/tutlebot3_slamNav.egg-info/top_level.txt
writing manifest file '../build/tutlebot3_slamNav/tutlebot3_slamNav.egg-info/SOURCES.txt'
reading manifest file '../build/tutlebot3_slamNav/tutlebot3_slamNav.egg-info/SOURCES.txt'
adding license file 'LICENSE'
writing manifest file '../build/tutlebot3_slamNav/tutlebot3_slamNav.egg-info/SOURCES.txt'
running build
running build_py
creating /home/alex/workspace/ros2/totodile/build/tutlebot3_slamNav/build
creating /home/alex/workspace/ros2/totodile/build/tutlebot3_slamNav/build/lib
creating /home/alex/workspace/ros2/totodile/build/tutlebot3_slamNav/build/lib/tutlebot3_slamNav
copying tutlebot3_slamNav/mainCode.py -> /home/alex/workspace/ros2/totodile/build/tutlebot3_slamNav/build/lib/tutlebot3_slamNav
copying tutlebot3_slamNav/__init__.py -> /home/alex/workspace/ros2/totodile/build/tutlebot3_slamNav/build/lib/tutlebot3_slamNav
running install
running install_lib
creating /home/alex/workspace/ros2/totodile/install/tutlebot3_slamNav/lib/python3.10/site-packages/tutlebot3_slamNav
copying /home/alex/workspace/ros2/totodile/build/tutlebot3_slamNav/build/lib/tutlebot3_slamNav/mainCode.py -> /home/alex/workspace/ros2/totodile/install/tutlebot3_slamNav/lib/python3.10/site-packages/tutlebot3_slamNav
copying /home/alex/workspace/ros2/totodile/build/tutlebot3_slamNav/build/lib/tutlebot3_slamNav/__init__.py -> /home/alex/workspace/ros2/totodile/install/tutlebot3_slamNav/lib/python3.10/site-packages/tutlebot3_slamNav
byte-compiling /home/alex/workspace/ros2/totodile/install/tutlebot3_slamNav/lib/python3.10/site-packages/tutlebot3_slamNav/mainCode.py to mainCode.cpython-310.pyc
byte-compiling /home/alex/workspace/ros2/totodile/install/tutlebot3_slamNav/lib/python3.10/site-packages/tutlebot3_slamNav/__init__.py to __init__.cpython-310.pyc
running install_data
creating /home/alex/workspace/ros2/totodile/install/tutlebot3_slamNav/share/ament_index
creating /home/alex/workspace/ros2/totodile/install/tutlebot3_slamNav/share/ament_index/resource_index
creating /home/alex/workspace/ros2/totodile/install/tutlebot3_slamNav/share/ament_index/resource_index/packages
copying resource/tutlebot3_slamNav -> /home/alex/workspace/ros2/totodile/install/tutlebot3_slamNav/share/ament_index/resource_index/packages
copying package.xml -> /home/alex/workspace/ros2/totodile/install/tutlebot3_slamNav/share/tutlebot3_slamNav
creating /home/alex/workspace/ros2/totodile/install/tutlebot3_slamNav/share/tutlebot3_slamNav/launch
running install_egg_info
Copying ../build/tutlebot3_slamNav/tutlebot3_slamNav.egg-info to /home/alex/workspace/ros2/totodile/install/tutlebot3_slamNav/lib/python3.10/site-packages/tutlebot3_slamNav-0.0.0-py3.10.egg-info
running install_scripts
Installing mainCode script to /home/alex/workspace/ros2/totodile/install/tutlebot3_slamNav/lib/tutlebot3_slamNav
writing list of installed files to '/home/alex/workspace/ros2/totodile/build/tutlebot3_slamNav/install.log'
