[0.454s] Invoking command in '/home/alex/workspace/ros2/totodile/src': PYTHONPATH=/home/alex/workspace/ros2/totodile/build/tutlebot3_slamNav/prefix_override:/usr/lib/python3/dist-packages/colcon_core/task/python/colcon_distutils_commands:/home/alex/workspace/ros2/totodile/install/tutlebot3_slamNav/lib/python3.10/site-packages:${PYTHONPATH} /usr/bin/python3 -W ignore:setup.py install is deprecated setup.py egg_info --egg-base ../build/tutlebot3_slamNav build --build-base /home/alex/workspace/ros2/totodile/build/tutlebot3_slamNav/build install --record /home/alex/workspace/ros2/totodile/build/tutlebot3_slamNav/install.log --single-version-externally-managed install_data
[0.609s] running egg_info
[0.609s] creating ../build/tutlebot3_slamNav/tutlebot3_slamNav.egg-info
[0.609s] writing ../build/tutlebot3_slamNav/tutlebot3_slamNav.egg-info/PKG-INFO
[0.610s] writing dependency_links to ../build/tutlebot3_slamNav/tutlebot3_slamNav.egg-info/dependency_links.txt
[0.610s] writing entry points to ../build/tutlebot3_slamNav/tutlebot3_slamNav.egg-info/entry_points.txt
[0.610s] writing requirements to ../build/tutlebot3_slamNav/tutlebot3_slamNav.egg-info/requires.txt
[0.610s] writing top-level names to ../build/tutlebot3_slamNav/tutlebot3_slamNav.egg-info/top_level.txt
[0.610s] writing manifest file '../build/tutlebot3_slamNav/tutlebot3_slamNav.egg-info/SOURCES.txt'
[0.611s] reading manifest file '../build/tutlebot3_slamNav/tutlebot3_slamNav.egg-info/SOURCES.txt'
[0.611s] adding license file 'LICENSE'
[0.612s] writing manifest file '../build/tutlebot3_slamNav/tutlebot3_slamNav.egg-info/SOURCES.txt'
[0.612s] running build
[0.612s] running build_py
[0.612s] creating /home/alex/workspace/ros2/totodile/build/tutlebot3_slamNav/build
[0.612s] creating /home/alex/workspace/ros2/totodile/build/tutlebot3_slamNav/build/lib
[0.612s] creating /home/alex/workspace/ros2/totodile/build/tutlebot3_slamNav/build/lib/tutlebot3_slamNav
[0.612s] copying tutlebot3_slamNav/mainCode.py -> /home/alex/workspace/ros2/totodile/build/tutlebot3_slamNav/build/lib/tutlebot3_slamNav
[0.612s] copying tutlebot3_slamNav/__init__.py -> /home/alex/workspace/ros2/totodile/build/tutlebot3_slamNav/build/lib/tutlebot3_slamNav
[0.612s] running install
[0.612s] running install_lib
[0.613s] creating /home/alex/workspace/ros2/totodile/install/tutlebot3_slamNav/lib/python3.10/site-packages/tutlebot3_slamNav
[0.613s] copying /home/alex/workspace/ros2/totodile/build/tutlebot3_slamNav/build/lib/tutlebot3_slamNav/mainCode.py -> /home/alex/workspace/ros2/totodile/install/tutlebot3_slamNav/lib/python3.10/site-packages/tutlebot3_slamNav
[0.613s] copying /home/alex/workspace/ros2/totodile/build/tutlebot3_slamNav/build/lib/tutlebot3_slamNav/__init__.py -> /home/alex/workspace/ros2/totodile/install/tutlebot3_slamNav/lib/python3.10/site-packages/tutlebot3_slamNav
[0.613s] byte-compiling /home/alex/workspace/ros2/totodile/install/tutlebot3_slamNav/lib/python3.10/site-packages/tutlebot3_slamNav/mainCode.py to mainCode.cpython-310.pyc
[0.613s] byte-compiling /home/alex/workspace/ros2/totodile/install/tutlebot3_slamNav/lib/python3.10/site-packages/tutlebot3_slamNav/__init__.py to __init__.cpython-310.pyc
[0.613s] running install_data
[0.614s] creating /home/alex/workspace/ros2/totodile/install/tutlebot3_slamNav/share/ament_index
[0.614s] creating /home/alex/workspace/ros2/totodile/install/tutlebot3_slamNav/share/ament_index/resource_index
[0.614s] creating /home/alex/workspace/ros2/totodile/install/tutlebot3_slamNav/share/ament_index/resource_index/packages
[0.614s] copying resource/tutlebot3_slamNav -> /home/alex/workspace/ros2/totodile/install/tutlebot3_slamNav/share/ament_index/resource_index/packages
[0.614s] copying package.xml -> /home/alex/workspace/ros2/totodile/install/tutlebot3_slamNav/share/tutlebot3_slamNav
[0.614s] creating /home/alex/workspace/ros2/totodile/install/tutlebot3_slamNav/share/tutlebot3_slamNav/launch
[0.614s] running install_egg_info
[0.615s] Copying ../build/tutlebot3_slamNav/tutlebot3_slamNav.egg-info to /home/alex/workspace/ros2/totodile/install/tutlebot3_slamNav/lib/python3.10/site-packages/tutlebot3_slamNav-0.0.0-py3.10.egg-info
[0.615s] running install_scripts
[0.628s] Installing mainCode script to /home/alex/workspace/ros2/totodile/install/tutlebot3_slamNav/lib/tutlebot3_slamNav
[0.628s] writing list of installed files to '/home/alex/workspace/ros2/totodile/build/tutlebot3_slamNav/install.log'
[0.643s] Invoked command in '/home/alex/workspace/ros2/totodile/src' returned '0': PYTHONPATH=/home/alex/workspace/ros2/totodile/build/tutlebot3_slamNav/prefix_override:/usr/lib/python3/dist-packages/colcon_core/task/python/colcon_distutils_commands:/home/alex/workspace/ros2/totodile/install/tutlebot3_slamNav/lib/python3.10/site-packages:${PYTHONPATH} /usr/bin/python3 -W ignore:setup.py install is deprecated setup.py egg_info --egg-base ../build/tutlebot3_slamNav build --build-base /home/alex/workspace/ros2/totodile/build/tutlebot3_slamNav/build install --record /home/alex/workspace/ros2/totodile/build/tutlebot3_slamNav/install.log --single-version-externally-managed install_data
